[35m[Appium][39m Welcome to Appium v1.22.0
[35m[Appium][39m Non-default server args:
[35m[Appium][39m   port: 62905
[35m[Appium][39m   tmpDir: C:\Users\quochuy.lu\AppData\Local\Temp\\Katalon\Appium\Temp1698897953242
[35m[Appium][39m   chromedriverPort: 62906
[35m[Appium][39m Deprecated server args:
[35m[Appium][39m   [31m--chromedriver-port[39m => --default-capabilities
[35m[Appium][39m Default capabilities, which will be added to each request unless overridden by desired capabilities:
[35m[Appium][39m   chromedriverPort: 62906
[35m[Appium][39m Appium REST http interface listener started on 0.0.0.0:62905
[35m[HTTP][39m [37m-->[39m [37mGET[39m [37m/wd/hub/status[39m
[35m[HTTP][39m [90m{}[39m
[debug] [35m[GENERIC][39m Calling AppiumDriver.getStatus() with args: []
[debug] [35m[GENERIC][39m Responding to client with driver.getStatus() result: {"build":{"version":"1.22.0"}}
[35m[HTTP][39m [37m<-- GET /wd/hub/status [39m[32m200[39m [90m7 ms - 68[39m
[35m[HTTP][39m [90m[39m
[35m[HTTP][39m [37m-->[39m [37mGET[39m [37m/wd/hub/status[39m
[35m[HTTP][39m [90m{}[39m
[debug] [35m[GENERIC][39m Calling AppiumDriver.getStatus() with args: []
[debug] [35m[GENERIC][39m Responding to client with driver.getStatus() result: {"build":{"version":"1.22.0"}}
[35m[HTTP][39m [37m<-- GET /wd/hub/status [39m[32m200[39m [90m2 ms - 68[39m
[35m[HTTP][39m [90m[39m
[35m[HTTP][39m [37m-->[39m [37mPOST[39m [37m/wd/hub/session[39m
[35m[HTTP][39m [90m{"desiredCapabilities":{"appPackage":"com.android.settings","deviceId":"RFCT80P5YTM","deviceName":"samsung SM-F936B (Android 13)","platform":"ANDROID","appActivity":".Settings","chromedriverExecutable":"\\git\\rc-df-testfactory-katalon\\Drivers\\chromedriver.exe","newCommandTimeout":1800,"platformVersion":"13","automationName":"uiautomator2","autoGrantPermissions":true,"platformName":"Android","udid":"RFCT80P5YTM","systemPort":8267},"capabilities":{"firstMatch":[{"appium:appActivity":".Settings","appium:appPackage":"com.android.settings","appium:autoGrantPermissions":true,"appium:automationName":"uiautomator2","appium:chromedriverExecutable":"\\git\\rc-df-testfactory-katalon\\Drivers\\chromedriver.exe","deviceId":"RFCT80P5YTM","appium:deviceName":"samsung SM-F936B (Android 13)","appium:newCommandTimeout":1800,"platform":"ANDROID","platformName":"android","appium:platformVersion":"13","appium:systemPort":8267,"appium:udid":"RFCT80P5YTM"}]}}[39m
[debug] [35m[W3C][39m Calling AppiumDriver.createSession() with args: [{"appPackage":"com.android.settings","deviceId":"RFCT80P5YTM","deviceName":"samsung SM-F936B (Android 13)","platform":"ANDROID","appActivity":".Settings","chromedriverExecutable":"\\git\\rc-df-testfactory-katalon\\Drivers\\chromedriver.exe","newCommandTimeout":1800,"platformVersion":"13","automationName":"uiautomator2","autoGrantPermissions":true,"platformName":"Android","udid":"RFCT80P5YTM","systemPort":8267},null,{"firstMatch":[{"appium:appActivity":".Settings","appium:appPackage":"com.android.settings","appium:autoGrantPermissions":true,"appium:automationName":"uiautomator2","appium:chromedriverExecutable":"\\git\\rc-df-testfactory-katalon\\Drivers\\chromedriver.exe","deviceId":"RFCT80P5YTM","appium:deviceName":"samsung SM-F936B (Android 13)","appium:newCommandTimeout":1800,"platform":"ANDROID","platformName":"android","appium:platformVersion":"13","appium:systemPort":8267,"appium:udid":"RFCT80P5YTM"}]}]
[debug] [35m[BaseDriver][39m Event 'newSessionRequested' logged at 1698897955889 (11:05:55 GMT+0700 (Indochina Time))
[35m[BaseDriver][39m The following capabilities are not standard capabilities and should have an extension prefix:
[35m[BaseDriver][39m   deviceId
[35m[BaseDriver][39m   platform
[35m[BaseDriver][39m   chromedriverPort
[35m[Appium][39m Appium v1.22.0 creating new AndroidUiautomator2Driver (v1.69.0) session
[debug] [35m[BaseDriver][39m W3C capabilities and MJSONWP desired capabilities were provided
[debug] [35m[BaseDriver][39m Creating session with W3C capabilities: {
[debug] [35m[BaseDriver][39m   "alwaysMatch": {
[debug] [35m[BaseDriver][39m     "appium:deviceId": "RFCT80P5YTM",
[debug] [35m[BaseDriver][39m     "appium:platform": "ANDROID",
[debug] [35m[BaseDriver][39m     "platformName": "android",
[debug] [35m[BaseDriver][39m     "appium:chromedriverPort": 62906,
[debug] [35m[BaseDriver][39m     "appium:appActivity": ".Settings",
[debug] [35m[BaseDriver][39m     "appium:appPackage": "com.android.settings",
[debug] [35m[BaseDriver][39m     "appium:autoGrantPermissions": true,
[debug] [35m[BaseDriver][39m     "appium:automationName": "uiautomator2",
[debug] [35m[BaseDriver][39m     "appium:chromedriverExecutable": "\\git\\rc-df-testfactory-katalon\\Drivers\\chromedriver.exe",
[debug] [35m[BaseDriver][39m     "appium:deviceName": "samsung SM-F936B (Android 13)",
[debug] [35m[BaseDriver][39m     "appium:newCommandTimeout": 1800,
[debug] [35m[BaseDriver][39m     "appium:platformVersion": "13",
[debug] [35m[BaseDriver][39m     "appium:systemPort": 8267,
[debug] [35m[BaseDriver][39m     "appium:udid": "RFCT80P5YTM"
[debug] [35m[BaseDriver][39m   },
[debug] [35m[BaseDriver][39m   "firstMatch": [
[debug] [35m[BaseDriver][39m     {}
[debug] [35m[BaseDriver][39m   ]
[debug] [35m[BaseDriver][39m }
[35m[BaseDriver][39m The following capabilities were provided, but are not recognized by Appium:
[35m[BaseDriver][39m   deviceId
[35m[BaseDriver][39m   platform
[35m[BaseDriver][39m Session created with session id: 39444ce3-184e-494a-a8eb-c5f07b71ba8a
[35m[UiAutomator2][39m Starting 'com.android.settings' directly on the device
[35m[ADB][39m Found 2 'build-tools' folders under 'C:\Users\quochuy.lu\AppData\Local\Android\Sdk' (newest first):
[35m[ADB][39m     C:/Users/quochuy.lu/AppData/Local/Android/Sdk/build-tools/34.0.0
[35m[ADB][39m     C:/Users/quochuy.lu/AppData/Local/Android/Sdk/build-tools/33.0.1
[35m[ADB][39m Using 'adb.exe' from 'C:\Users\quochuy.lu\AppData\Local\Android\Sdk\platform-tools\adb.exe'
[debug] [35m[ADB][39m Running 'C:\Users\quochuy.lu\AppData\Local\Android\Sdk\platform-tools\adb.exe -P 5037 start-server'
[35m[AndroidDriver][39m Retrieving device list
[debug] [35m[ADB][39m Trying to find a connected android device
[debug] [35m[ADB][39m Getting connected devices
[debug] [35m[ADB][39m Connected devices: [{"udid":"RFCT80P5YTM","state":"device"}]
[35m[AndroidDriver][39m Using device: RFCT80P5YTM
[35m[ADB][39m Using 'adb.exe' from 'C:\Users\quochuy.lu\AppData\Local\Android\Sdk\platform-tools\adb.exe'
[debug] [35m[ADB][39m Running 'C:\Users\quochuy.lu\AppData\Local\Android\Sdk\platform-tools\adb.exe -P 5037 start-server'
[debug] [35m[ADB][39m Setting device id to RFCT80P5YTM
[debug] [35m[ADB][39m Running 'C:\Users\quochuy.lu\AppData\Local\Android\Sdk\platform-tools\adb.exe -P 5037 -s RFCT80P5YTM shell getprop ro.build.version.sdk'
[debug] [35m[ADB][39m Current device property 'ro.build.version.sdk': 33
[35m[ADB][39m Getting device platform version
[debug] [35m[ADB][39m Running 'C:\Users\quochuy.lu\AppData\Local\Android\Sdk\platform-tools\adb.exe -P 5037 -s RFCT80P5YTM shell getprop ro.build.version.release'
[debug] [35m[ADB][39m Current device property 'ro.build.version.release': 13
[debug] [35m[ADB][39m Device API level: 33
[35m[UiAutomator2][39m Relaxing hidden api policy
[debug] [35m[ADB][39m Running 'C:\Users\quochuy.lu\AppData\Local\Android\Sdk\platform-tools\adb.exe -P 5037 -s RFCT80P5YTM shell 'settings put global hidden_api_policy_pre_p_apps 1;settings put global hidden_api_policy_p_apps 1;settings put global hidden_api_policy 1''
[35m[AndroidDriver][39m No app sent in, not parsing package/activity
[debug] [35m[ADB][39m Running 'C:\Users\quochuy.lu\AppData\Local\Android\Sdk\platform-tools\adb.exe -P 5037 -s RFCT80P5YTM wait-for-device'
[debug] [35m[ADB][39m Running 'C:\Users\quochuy.lu\AppData\Local\Android\Sdk\platform-tools\adb.exe -P 5037 -s RFCT80P5YTM shell echo ping'
[debug] [35m[AndroidDriver][39m Pushing settings apk to device...
[debug] [35m[ADB][39m Getting install status for io.appium.settings
[debug] [35m[ADB][39m Running 'C:\Users\quochuy.lu\AppData\Local\Android\Sdk\platform-tools\adb.exe -P 5037 -s RFCT80P5YTM shell dumpsys package io.appium.settings'
[debug] [35m[ADB][39m 'io.appium.settings' is installed
[debug] [35m[ADB][39m Getting package info for 'io.appium.settings'
[debug] [35m[ADB][39m Running 'C:\Users\quochuy.lu\AppData\Local\Android\Sdk\platform-tools\adb.exe -P 5037 -s RFCT80P5YTM shell dumpsys package io.appium.settings'
[debug] [35m[ADB][39m The version name of the installed 'io.appium.settings' is greater or equal to the application version name ('3.4.0' >= '3.4.0')
[debug] [35m[ADB][39m There is no need to install/upgrade 'C:\Users\quochuy.lu\AppData\Roaming\npm\node_modules\appium\node_modules\io.appium.settings\apks\settings_apk-debug.apk'
[debug] [35m[ADB][39m Getting IDs of all 'io.appium.settings' processes
[debug] [35m[ADB][39m Running 'C:\Users\quochuy.lu\AppData\Local\Android\Sdk\platform-tools\adb.exe -P 5037 -s RFCT80P5YTM shell 'pgrep --help; echo $?''
[debug] [35m[ADB][39m Running 'C:\Users\quochuy.lu\AppData\Local\Android\Sdk\platform-tools\adb.exe -P 5037 -s RFCT80P5YTM shell pgrep -f \(\[\[:blank:\]\]\|\^\)io\.appium\.settings\(\[\[:blank:\]\]\|\$\)'
[debug] [35m[AndroidDriver][39m io.appium.settings is already running. There is no need to reset its permissions.
[debug] [35m[ADB][39m Running 'C:\Users\quochuy.lu\AppData\Local\Android\Sdk\platform-tools\adb.exe -P 5037 -s RFCT80P5YTM shell appops set io.appium.settings android:mock_location allow'
[debug] [35m[Logcat][39m Starting logs capture with command: C:\\Users\\quochuy.lu\\AppData\\Local\\Android\\Sdk\\platform-tools\\adb.exe -P 5037 -s RFCT80P5YTM logcat -v threadtime
[debug] [35m[UiAutomator2][39m Forwarding UiAutomator2 Server port 6790 to local port 8267
[debug] [35m[ADB][39m Forwarding system: 8267 to device: 6790
[debug] [35m[ADB][39m Running 'C:\Users\quochuy.lu\AppData\Local\Android\Sdk\platform-tools\adb.exe -P 5037 -s RFCT80P5YTM forward tcp:8267 tcp:6790'
[debug] [35m[ADB][39m Getting install status for io.appium.uiautomator2.server
[debug] [35m[ADB][39m Running 'C:\Users\quochuy.lu\AppData\Local\Android\Sdk\platform-tools\adb.exe -P 5037 -s RFCT80P5YTM shell dumpsys package io.appium.uiautomator2.server'
[debug] [35m[ADB][39m 'io.appium.uiautomator2.server' is installed
[debug] [35m[ADB][39m Getting package info for 'io.appium.uiautomator2.server'
[debug] [35m[ADB][39m Running 'C:\Users\quochuy.lu\AppData\Local\Android\Sdk\platform-tools\adb.exe -P 5037 -s RFCT80P5YTM shell dumpsys package io.appium.uiautomator2.server'
[debug] [35m[ADB][39m The version name of the installed 'io.appium.uiautomator2.server' is greater or equal to the application version name ('4.24.0' >= '4.24.0')
[debug] [35m[UiAutomator2][39m io.appium.uiautomator2.server installation state: sameVersionInstalled
[debug] [35m[ADB][39m Checking app cert for C:\Users\quochuy.lu\AppData\Roaming\npm\node_modules\appium\node_modules\appium-uiautomator2-server\apks\appium-uiautomator2-server-v4.24.0.apk
[35m[ADB][39m Using 'apksigner.jar' from 'C:\Users\quochuy.lu\AppData\Local\Android\Sdk\build-tools\34.0.0\lib\apksigner.jar'
[debug] [35m[ADB][39m Starting apksigner: C:\\Users\\quochuy.lu\\Downloads\\Katalon_Studio_Windows_64-8.6.5\\Katalon_Studio_Windows_64-8.6.5\\jre\\bin\\java.exe -Xmx1024M -Xss1m -jar C:\\Users\\quochuy.lu\\AppData\\Local\\Android\\Sdk\\build-tools\\34.0.0\\lib\\apksigner.jar verify --print-certs C:\\Users\\quochuy.lu\\AppData\\Roaming\\npm\\node_modules\\appium\\node_modules\\appium-uiautomator2-server\\apks\\appium-uiautomator2-server-v4.24.0.apk
[debug] [35m[ADB][39m apksigner stdout: Signer #1 certificate DN: EMAILADDRESS=android@android.com, CN=Android, OU=Android, O=Android, L=Mountain View, ST=California, C=US
[debug] [35m[ADB][39m Signer #1 certificate SHA-256 digest: a40da80a59d170caa950cf15c18c454d47a39b26989d8b640ecd745ba71bf5dc
[debug] [35m[ADB][39m Signer #1 certificate SHA-1 digest: 61ed377e85d386a8dfee6b864bd85b0bfaa5af81
[debug] [35m[ADB][39m Signer #1 certificate MD5 digest: e89b158e4bcf988ebd09eb83f5378e87
[debug] [35m[ADB][39m 
[debug] [35m[ADB][39m sha256 hash did match for 'appium-uiautomator2-server-v4.24.0.apk'
[35m[ADB][39m 'C:\Users\quochuy.lu\AppData\Roaming\npm\node_modules\appium\node_modules\appium-uiautomator2-server\apks\appium-uiautomator2-server-v4.24.0.apk' is signed with the default certificate
[debug] [35m[ADB][39m Getting install status for io.appium.uiautomator2.server.test
[debug] [35m[ADB][39m Running 'C:\Users\quochuy.lu\AppData\Local\Android\Sdk\platform-tools\adb.exe -P 5037 -s RFCT80P5YTM shell dumpsys package io.appium.uiautomator2.server.test'
[debug] [35m[ADB][39m 'io.appium.uiautomator2.server.test' is installed
[debug] [35m[ADB][39m Checking app cert for C:\Users\quochuy.lu\AppData\Roaming\npm\node_modules\appium\node_modules\appium-uiautomator2-server\apks\appium-uiautomator2-server-debug-androidTest.apk
[debug] [35m[ADB][39m Starting apksigner: C:\\Users\\quochuy.lu\\Downloads\\Katalon_Studio_Windows_64-8.6.5\\Katalon_Studio_Windows_64-8.6.5\\jre\\bin\\java.exe -Xmx1024M -Xss1m -jar C:\\Users\\quochuy.lu\\AppData\\Local\\Android\\Sdk\\build-tools\\34.0.0\\lib\\apksigner.jar verify --print-certs C:\\Users\\quochuy.lu\\AppData\\Roaming\\npm\\node_modules\\appium\\node_modules\\appium-uiautomator2-server\\apks\\appium-uiautomator2-server-debug-androidTest.apk
[debug] [35m[ADB][39m apksigner stdout: Signer #1 certificate DN: EMAILADDRESS=android@android.com, CN=Android, OU=Android, O=Android, L=Mountain View, ST=California, C=US
[debug] [35m[ADB][39m Signer #1 certificate SHA-256 digest: a40da80a59d170caa950cf15c18c454d47a39b26989d8b640ecd745ba71bf5dc
[debug] [35m[ADB][39m Signer #1 certificate SHA-1 digest: 61ed377e85d386a8dfee6b864bd85b0bfaa5af81
[debug] [35m[ADB][39m Signer #1 certificate MD5 digest: e89b158e4bcf988ebd09eb83f5378e87
[debug] [35m[ADB][39m 
[debug] [35m[ADB][39m sha256 hash did match for 'appium-uiautomator2-server-debug-androidTest.apk'
[35m[ADB][39m 'C:\Users\quochuy.lu\AppData\Roaming\npm\node_modules\appium\node_modules\appium-uiautomator2-server\apks\appium-uiautomator2-server-debug-androidTest.apk' is signed with the default certificate
[35m[UiAutomator2][39m Server packages are not going to be (re)installed
[debug] [35m[UiAutomator2][39m Waiting up to 30000ms for services to be available
[debug] [35m[ADB][39m Running 'C:\Users\quochuy.lu\AppData\Local\Android\Sdk\platform-tools\adb.exe -P 5037 -s RFCT80P5YTM shell pm list instrumentation'
[debug] [35m[UiAutomator2][39m Instrumentation target 'io.appium.uiautomator2.server.test/androidx.test.runner.AndroidJUnitRunner' is available
[35m[ADB][39m Adding packages ["io.appium.settings","io.appium.uiautomator2.server","io.appium.uiautomator2.server.test"] to Doze whitelist
[debug] [35m[ADB][39m Got the following command chunks to execute: [["dumpsys","deviceidle","whitelist","+io.appium.settings",";","dumpsys","deviceidle","whitelist","+io.appium.uiautomator2.server",";","dumpsys","deviceidle","whitelist","+io.appium.uiautomator2.server.test",";"]]
[debug] [35m[ADB][39m Running 'C:\Users\quochuy.lu\AppData\Local\Android\Sdk\platform-tools\adb.exe -P 5037 -s RFCT80P5YTM shell dumpsys deviceidle whitelist +io.appium.settings ; dumpsys deviceidle whitelist +io.appium.uiautomator2.server ; dumpsys deviceidle whitelist +io.appium.uiautomator2.server.test ;'
[debug] [35m[UiAutomator2][39m No app capability. Assuming it is already on the device
[debug] [35m[ADB][39m Getting install status for com.android.settings
[debug] [35m[ADB][39m Running 'C:\Users\quochuy.lu\AppData\Local\Android\Sdk\platform-tools\adb.exe -P 5037 -s RFCT80P5YTM shell dumpsys package com.android.settings'
[debug] [35m[ADB][39m 'com.android.settings' is installed
[debug] [35m[ADB][39m Running 'C:\Users\quochuy.lu\AppData\Local\Android\Sdk\platform-tools\adb.exe -P 5037 -s RFCT80P5YTM shell am force-stop com.android.settings'
[debug] [35m[ADB][39m Running 'C:\Users\quochuy.lu\AppData\Local\Android\Sdk\platform-tools\adb.exe -P 5037 -s RFCT80P5YTM shell pm clear com.android.settings'
[debug] [35m[ADB][39m Running 'C:\Users\quochuy.lu\AppData\Local\Android\Sdk\platform-tools\adb.exe -P 5037 -s RFCT80P5YTM shell dumpsys package com.android.settings'
[debug] [35m[ADB][39m Retrieving requested permissions
[debug] [35m[ADB][39m Retrieved 444 permissions from requested group
[debug] [35m[ADB][39m Retrieving granted permissions
[debug] [35m[ADB][39m Retrieved 335 permissions from install,runtime groups
[debug] [35m[ADB][39m Granting permissions ["android.spay.permission.READ_SPAY_SHARE"] to 'com.android.settings'
[debug] [35m[ADB][39m Got the following command chunks to execute: [["pm","grant","com.android.settings","android.spay.permission.READ_SPAY_SHARE",";"]]
[debug] [35m[ADB][39m Running 'C:\Users\quochuy.lu\AppData\Local\Android\Sdk\platform-tools\adb.exe -P 5037 -s RFCT80P5YTM shell pm grant com.android.settings android.spay.permission.READ_SPAY_SHARE ;'
[debug] [35m[AndroidDriver][39m Performed fast reset on the installed 'com.android.settings' application (stop and clear)
[debug] [35m[UiAutomator2][39m Performing shallow cleanup of automation leftovers
[debug] [35m[UiAutomator2][39m No obsolete sessions have been detected (socket hang up)
[debug] [35m[ADB][39m Running 'C:\Users\quochuy.lu\AppData\Local\Android\Sdk\platform-tools\adb.exe -P 5037 -s RFCT80P5YTM shell am force-stop io.appium.uiautomator2.server.test'
[35m[UiAutomator2][39m Starting UIAutomator2 server 4.24.0
[35m[UiAutomator2][39m Using UIAutomator2 server from 'C:\Users\quochuy.lu\AppData\Roaming\npm\node_modules\appium\node_modules\appium-uiautomator2-server\apks\appium-uiautomator2-server-v4.24.0.apk' and test from 'C:\Users\quochuy.lu\AppData\Roaming\npm\node_modules\appium\node_modules\appium-uiautomator2-server\apks\appium-uiautomator2-server-debug-androidTest.apk'
[35m[UiAutomator2][39m Waiting up to 30000ms for UiAutomator2 to be online...
[debug] [35m[ADB][39m Creating ADB subprocess with args: ["-P",5037,"-s","RFCT80P5YTM","shell","am","instrument","-w","-e","disableAnalytics",true,"io.appium.uiautomator2.server.test/androidx.test.runner.AndroidJUnitRunner"]
[debug] [35m[WD Proxy][39m Matched '/status' to command name 'getStatus'
[debug] [35m[WD Proxy][39m Proxying [GET /status] to [GET http://127.0.0.1:8267/wd/hub/status] with no body
[35m[WD Proxy][39m socket hang up
[debug] [35m[Instrumentation][39m io.appium.uiautomator2.server.test.AppiumUiAutomator2Server:
[debug] [35m[WD Proxy][39m Matched '/status' to command name 'getStatus'
[debug] [35m[WD Proxy][39m Proxying [GET /status] to [GET http://127.0.0.1:8267/wd/hub/status] with no body
[35m[WD Proxy][39m socket hang up
[debug] [35m[WD Proxy][39m Matched '/status' to command name 'getStatus'
[debug] [35m[WD Proxy][39m Proxying [GET /status] to [GET http://127.0.0.1:8267/wd/hub/status] with no body
[debug] [35m[WD Proxy][39m Got response with status 200: {"sessionId":"None","value":{"message":"UiAutomator2 Server is ready to accept commands","ready":true}}
[debug] [35m[UiAutomator2][39m The initialization of the instrumentation process took 2108ms
[debug] [35m[WD Proxy][39m Matched '/session' to command name 'createSession'
[debug] [35m[WD Proxy][39m Proxying [POST /session] to [POST http://127.0.0.1:8267/wd/hub/session] with body: {"capabilities":{"firstMatch":[{"platform":"ANDROID","webStorageEnabled":false,"takesScreenshot":true,"javascriptEnabled":true,"databaseEnabled":false,"networkConnectionEnabled":true,"locationContextEnabled":false,"warnings":{},"desired":{"platformName":"android","deviceId":"RFCT80P5YTM","platform":"ANDROID","chromedriverPort":62906,"appActivity":".Settings","appPackage":"com.android.settings","autoGrantPermissions":true,"automationName":"uiautomator2","chromedriverExecutable":"\\git\\rc-df-testfactory-katalon\\Drivers\\chromedriver.exe","deviceName":"samsung SM-F936B (Android 13)","newCommandTimeout":1800,"platformVersion":"13","systemPort":8267,"udid":"RFCT80P5YTM"},"platformName":"android","deviceId":"RFCT80P5YTM","chromedriverPort":62906,"appActivity":".Settings","appPackage":"com.android.settings","autoGrantPermissions":true,"automationName":"uiautomator2","chromedriverExecutable":"\\git\\rc-df-testfactory-katalon\\Drivers\\chromedriver.exe","deviceName":"RFCT80P5YTM","newCommandTimeout":1800,"platfor...
[debug] [35m[WD Proxy][39m Got response with status 200: {"sessionId":"532696c1-380e-4413-b70a-05af31f1ae09","value":{"capabilities":{"firstMatch":[{"platform":"ANDROID","webStorageEnabled":false,"takesScreenshot":true,"javascriptEnabled":true,"databaseEnabled":false,"networkConnectionEnabled":true,"locationContextEnabled":false,"warnings":{},"desired":{"platformName":"android","deviceId":"RFCT80P5YTM","platform":"ANDROID","chromedriverPort":62906,"appActivity":".Settings","appPackage":"com.android.settings","autoGrantPermissions":true,"automationName":"uiautomator2","chromedriverExecutable":"\\git\\rc-df-testfactory-katalon\\Drivers\\chromedriver.exe","deviceName":"samsung SM-F936B (Android 13)","newCommandTimeout":1800,"platformVersion":"13","systemPort":8267,"udid":"RFCT80P5YTM"},"platformName":"android","deviceId":"RFCT80P5YTM","chromedriverPort":62906,"appActivity":".Settings","appPackage":"com.android.settings","autoGrantPermissions":true,"automationName":"uiautomator2","chromedriverExecutable":"\\git\\rc-df-testfactory-katalon\\Drivers\\chromedriver.exe",...
[35m[WD Proxy][39m Determined the downstream protocol as 'W3C'
[debug] [35m[WD Proxy][39m Proxying [GET /appium/device/info] to [GET http://127.0.0.1:8267/wd/hub/session/532696c1-380e-4413-b70a-05af31f1ae09/appium/device/info] with no body
[debug] [35m[WD Proxy][39m Got response with status 200: {"sessionId":"532696c1-380e-4413-b70a-05af31f1ae09","value":{"androidId":"10554cf154bd9cc2","apiVersion":"33","bluetooth":{"state":"OFF"},"brand":"samsung","carrierName":"","displayDensity":420,"locale":"en_GB","manufacturer":"samsung","model":"SM-F936B","networks":[{"capabilities":{"SSID":null,"linkDownBandwidthKbps":42414,"linkUpstreamBandwidthKbps":19637,"networkCapabilities":"NET_CAPABILITY_NOT_METERED,NET_CAPABILITY_INTERNET,NET_CAPABILITY_NOT_RESTRICTED,NET_CAPABILITY_TRUSTED,NET_CAPABILITY_NOT_VPN,NET_CAPABILITY_VALIDATED,NET_CAPABILITY_NOT_ROAMING,NET_CAPABILITY_FOREGROUND,NET_CAPABILITY_NOT_CONGESTED,NET_CAPABILITY_NOT_SUSPENDED","signalStrength":-55,"transportTypes":"TRANSPORT_WIFI"},"detailedState":"CONNECTED","extraInfo":"","isAvailable":true,"isConnected":true,"isFailover":false,"isRoaming":false,"state":"CONNECTED","subtype":-1,"subtypeName":"","type":1,"typeName":"WIFI"}],"platformVersion":"13","realDisplaySize":"1812x2176","timeZone":"Asia/Ho_Chi_Minh"}}
[debug] [35m[ADB][39m Running 'C:\Users\quochuy.lu\AppData\Local\Android\Sdk\platform-tools\adb.exe -P 5037 -s RFCT80P5YTM shell dumpsys window'
[35m[AndroidDriver][39m Screen already unlocked, doing nothing
[35m[UiAutomator2][39m Starting 'com.android.settings/.Settings and waiting for 'com.android.settings/.Settings'
[debug] [35m[ADB][39m Running 'C:\Users\quochuy.lu\AppData\Local\Android\Sdk\platform-tools\adb.exe -P 5037 -s RFCT80P5YTM shell am start -W -n com.android.settings/.Settings -S -a android.intent.action.MAIN -c android.intent.category.LAUNCHER -f 0x10200000'
[debug] [35m[WD Proxy][39m Proxying [GET /appium/device/pixel_ratio] to [GET http://127.0.0.1:8267/wd/hub/session/532696c1-380e-4413-b70a-05af31f1ae09/appium/device/pixel_ratio] with no body
[debug] [35m[WD Proxy][39m Got response with status 200: {"sessionId":"532696c1-380e-4413-b70a-05af31f1ae09","value":2.625}
[debug] [35m[WD Proxy][39m Matched '/appium/device/system_bars' to command name 'getSystemBars'
[debug] [35m[WD Proxy][39m Proxying [GET /appium/device/system_bars] to [GET http://127.0.0.1:8267/wd/hub/session/532696c1-380e-4413-b70a-05af31f1ae09/appium/device/system_bars] with no body
[debug] [35m[WD Proxy][39m Got response with status 200: {"sessionId":"532696c1-380e-4413-b70a-05af31f1ae09","value":{"statusBar":82}}
[debug] [35m[WD Proxy][39m Matched '/window/current/size' to command name 'getWindowSize'
[debug] [35m[WD Proxy][39m Proxying [GET /window/current/size] to [GET http://127.0.0.1:8267/wd/hub/session/532696c1-380e-4413-b70a-05af31f1ae09/window/current/size] with no body
[debug] [35m[WD Proxy][39m Got response with status 200: {"sessionId":"532696c1-380e-4413-b70a-05af31f1ae09","value":{"height":2050,"width":1812}}
[35m[Appium][39m New AndroidUiautomator2Driver session created successfully, session 39444ce3-184e-494a-a8eb-c5f07b71ba8a added to master session list
[debug] [35m[BaseDriver][39m Event 'newSessionStarted' logged at 1698897967896 (11:06:07 GMT+0700 (Indochina Time))
[debug] [35m[W3C (39444ce3)][39m Cached the protocol value 'W3C' for the new session 39444ce3-184e-494a-a8eb-c5f07b71ba8a
[debug] [35m[W3C (39444ce3)][39m Responding to client with driver.createSession() result: {"capabilities":{"platform":"ANDROID","webStorageEnabled":false,"takesScreenshot":true,"javascriptEnabled":true,"databaseEnabled":false,"networkConnectionEnabled":true,"locationContextEnabled":false,"warnings":{},"desired":{"platformName":"android","deviceId":"RFCT80P5YTM","platform":"ANDROID","chromedriverPort":62906,"appActivity":".Settings","appPackage":"com.android.settings","autoGrantPermissions":true,"automationName":"uiautomator2","chromedriverExecutable":"\\git\\rc-df-testfactory-katalon\\Drivers\\chromedriver.exe","deviceName":"samsung SM-F936B (Android 13)","newCommandTimeout":1800,"platformVersion":"13","systemPort":8267,"udid":"RFCT80P5YTM"},"platformName":"android","deviceId":"RFCT80P5YTM","chromedriverPort":62906,"appActivity":".Settings","appPackage":"com.android.settings","autoGrantPermissions":true,"automationName":"uiautomator2","chromedriverExecutable":"\\git\\rc-df-testfactory-katalon\\Drivers\\chromedriver.exe","deviceName":"RFCT80P5YTM","newCommandTimeout":1800,"platformVersion":"13",...
[35m[HTTP][39m [37m<-- POST /wd/hub/session [39m[32m200[39m [90m12010 ms - 1382[39m
[35m[HTTP][39m [90m[39m
[35m[HTTP][39m [37m-->[39m [37mGET[39m [37m/wd/hub/session/39444ce3-184e-494a-a8eb-c5f07b71ba8a[39m
[35m[HTTP][39m [90m{}[39m
[debug] [35m[W3C (39444ce3)][39m Calling AppiumDriver.getSession() with args: ["39444ce3-184e-494a-a8eb-c5f07b71ba8a"]
[debug] [35m[UiAutomator2][39m Getting session details from server to mix in
[debug] [35m[WD Proxy][39m Matched '/' to command name 'getSession'
[debug] [35m[WD Proxy][39m Proxying [GET /] to [GET http://127.0.0.1:8267/wd/hub/session/532696c1-380e-4413-b70a-05af31f1ae09] with no body
[debug] [35m[WD Proxy][39m Got response with status 200: {"sessionId":"532696c1-380e-4413-b70a-05af31f1ae09","value":{"lastScrollData":null}}
[debug] [35m[W3C (39444ce3)][39m Responding to client with driver.getSession() result: {"platform":"ANDROID","webStorageEnabled":false,"takesScreenshot":true,"javascriptEnabled":true,"databaseEnabled":false,"networkConnectionEnabled":true,"locationContextEnabled":false,"warnings":{},"desired":{"platformName":"android","deviceId":"RFCT80P5YTM","platform":"ANDROID","chromedriverPort":62906,"appActivity":".Settings","appPackage":"com.android.settings","autoGrantPermissions":true,"automationName":"uiautomator2","chromedriverExecutable":"\\git\\rc-df-testfactory-katalon\\Drivers\\chromedriver.exe","deviceName":"samsung SM-F936B (Android 13)","newCommandTimeout":1800,"platformVersion":"13","systemPort":8267,"udid":"RFCT80P5YTM"},"platformName":"android","deviceId":"RFCT80P5YTM","chromedriverPort":62906,"appActivity":".Settings","appPackage":"com.android.settings","autoGrantPermissions":true,"automationName":"uiautomator2","chromedriverExecutable":"\\git\\rc-df-testfactory-katalon\\Drivers\\chromedriver.exe","deviceName":"RFCT80P5YTM","newCommandTimeout":1800,"platformVersion":"13","systemPort":826...
[35m[HTTP][39m [37m<-- GET /wd/hub/session/39444ce3-184e-494a-a8eb-c5f07b71ba8a [39m[32m200[39m [90m13 ms - 1336[39m
[35m[HTTP][39m [90m[39m
[35m[HTTP][39m [37m-->[39m [37mGET[39m [37m/wd/hub/session/39444ce3-184e-494a-a8eb-c5f07b71ba8a[39m
[35m[HTTP][39m [90m{}[39m
[debug] [35m[W3C (39444ce3)][39m Calling AppiumDriver.getSession() with args: ["39444ce3-184e-494a-a8eb-c5f07b71ba8a"]
[debug] [35m[UiAutomator2][39m Getting session details from server to mix in
[debug] [35m[WD Proxy][39m Matched '/' to command name 'getSession'
[debug] [35m[WD Proxy][39m Proxying [GET /] to [GET http://127.0.0.1:8267/wd/hub/session/532696c1-380e-4413-b70a-05af31f1ae09] with no body
[debug] [35m[WD Proxy][39m Got response with status 200: {"sessionId":"532696c1-380e-4413-b70a-05af31f1ae09","value":{"lastScrollData":null}}
[debug] [35m[W3C (39444ce3)][39m Responding to client with driver.getSession() result: {"platform":"ANDROID","webStorageEnabled":false,"takesScreenshot":true,"javascriptEnabled":true,"databaseEnabled":false,"networkConnectionEnabled":true,"locationContextEnabled":false,"warnings":{},"desired":{"platformName":"android","deviceId":"RFCT80P5YTM","platform":"ANDROID","chromedriverPort":62906,"appActivity":".Settings","appPackage":"com.android.settings","autoGrantPermissions":true,"automationName":"uiautomator2","chromedriverExecutable":"\\git\\rc-df-testfactory-katalon\\Drivers\\chromedriver.exe","deviceName":"samsung SM-F936B (Android 13)","newCommandTimeout":1800,"platformVersion":"13","systemPort":8267,"udid":"RFCT80P5YTM"},"platformName":"android","deviceId":"RFCT80P5YTM","chromedriverPort":62906,"appActivity":".Settings","appPackage":"com.android.settings","autoGrantPermissions":true,"automationName":"uiautomator2","chromedriverExecutable":"\\git\\rc-df-testfactory-katalon\\Drivers\\chromedriver.exe","deviceName":"RFCT80P5YTM","newCommandTimeout":1800,"platformVersion":"13","systemPort":826...
[35m[HTTP][39m [37m<-- GET /wd/hub/session/39444ce3-184e-494a-a8eb-c5f07b71ba8a [39m[32m200[39m [90m11 ms - 1336[39m
[35m[HTTP][39m [90m[39m
[35m[HTTP][39m [37m-->[39m [37mGET[39m [37m/wd/hub/status[39m
[35m[HTTP][39m [90m{}[39m
[debug] [35m[GENERIC][39m Calling AppiumDriver.getStatus() with args: []
[debug] [35m[GENERIC][39m Responding to client with driver.getStatus() result: {"build":{"version":"1.22.0"}}
[35m[HTTP][39m [37m<-- GET /wd/hub/status [39m[32m200[39m [90m1 ms - 68[39m
[35m[HTTP][39m [90m[39m
[35m[HTTP][39m [37m-->[39m [37mPOST[39m [37m/wd/hub/session/39444ce3-184e-494a-a8eb-c5f07b71ba8a/timeouts[39m
[35m[HTTP][39m [90m{"implicit":60000}[39m
[debug] [35m[W3C (39444ce3)][39m Calling AppiumDriver.timeouts() with args: [null,null,null,null,60000,"39444ce3-184e-494a-a8eb-c5f07b71ba8a"]
[debug] [35m[BaseDriver][39m W3C timeout argument: {"implicit":60000}}
[debug] [35m[BaseDriver][39m Set implicit wait to 60000ms
[debug] [35m[W3C (39444ce3)][39m Responding to client with driver.timeouts() result: null
[35m[HTTP][39m [37m<-- POST /wd/hub/session/39444ce3-184e-494a-a8eb-c5f07b71ba8a/timeouts [39m[32m200[39m [90m4 ms - 14[39m
[35m[HTTP][39m [90m[39m
[35m[HTTP][39m [37m-->[39m [37mGET[39m [37m/wd/hub/session/39444ce3-184e-494a-a8eb-c5f07b71ba8a/screenshot[39m
[35m[HTTP][39m [90m{}[39m
[debug] [35m[W3C (39444ce3)][39m Calling AppiumDriver.getScreenshot() with args: ["39444ce3-184e-494a-a8eb-c5f07b71ba8a"]
[debug] [35m[WD Proxy][39m Matched '/screenshot' to command name 'getScreenshot'
[debug] [35m[WD Proxy][39m Proxying [GET /screenshot] to [GET http://127.0.0.1:8267/wd/hub/session/532696c1-380e-4413-b70a-05af31f1ae09/screenshot] with no body
[debug] [35m[WD Proxy][39m Got response with status 200: {"sessionId":"532696c1-380e-4413-b70a-05af31f1ae09","value":"iVBORw0KGgoAAAANSUhEUgAABxQAAAiACAYAAAARqhK8AAAAAXNSR0IArs4c6QAAAARzQklUCAgI\nCHwIZIgAACAASURBVHic7N15fJTlvf//9z2TfRISloQYdmwQWWUVBQpBURG1dQOV36nQ9mit1PZ4\n3OqpRXBptUfbWjztaX9Wq1YEBeuCWBVjRTxCBMQkgmxhMYSshCSTZWYy9/ePYcZMMnfWyQK8ni0P\nJ3Pf9zXXhMmEe97353MZ1dXVpgAAAAAAAAAAAAAgBFt3TwAAAAAAAAAAAABAz0WgCAAAAAAAAAAA\nAMASgSIAAAAAAAAAAAAASwSKAAAAAAAAAAAAACwRKAIAAAAAAAAAAACwRKAIAAAAAAAAAAAAwBKB\nIgAAAAAAAAAAAABLBIoAAAAAAAAAAAAALBEoAgAAAAAAAAAAALBEoAgAAAAAAAAAAADAEoEiAAAA\nAAAAAAAAAEsEigAAAAAAAAAAAAAsESgCAAAAAAAAAAAAsESgCAAAAAAAAAAAAMASgSIAAAAAAAAA\nAAAASwSKAAAAAAAAAAAAACwRKAIAAAAAAAAAAACwRKAIAAAAAAAAAAAAwBKBIgAAAAAAAAAAAABL\nBIoAAAAAAAAAAAAALBEoAgAAAAAAAAAAALBEoAgAAAAAAAAAAADAEoEiAAAAAAAAAAAAAEsEigAA\nAAAAAAAAAAAsESgCAAAAAAAAAAAAsESgCAAAAAAAAAAAAMASgSIAAAAAAAAAAAAASwSKAAAAAAAA\nAAAAACwRKAIAAAAAAAAAAACwRKAIAAAAAAAAAAAAwBKBIgAAAAAAAAAAAABLBIoAAAAAAAAAAAAA\nLBEoAgAAAAAAAAAAALAU0d0TwGnI9EryyubcK2PfEzKKP5VMU2bvyfKO+E+ZCedKhl0yyLMBAAAA\nAAAAAAB6OqO6utrs7kngNGCa...
[debug] [35m[W3C (39444ce3)][39m Responding to client with driver.getScreenshot() result: "iVBORw0KGgoAAAANSUhEUgAABxQAAAiACAYAAAARqhK8AAAAAXNSR0IArs4c6QAAAARzQklUCAgI\nCHwIZIgAACAASURBVHic7N15fJTlvf//9z2TfRISloQYdmwQWWUVBQpBURG1dQOV36nQ9mit1PZ4\n3OqpRXBptUfbWjztaX9Wq1YEBeuCWBVjRTxCBMQkgmxhMYSshCSTZWYy9/ePYcZMMnfWyQK8ni0P\nJ3Pf9zXXhMmEe97353MZ1dXVpgAAAAAAAAAAAAAgBFt3TwAAAAAAAAAAAABAz0WgCAAAAAAAAAAA\nAMASgSIAAAAAAAAAAAAASwSKAAAAAAAAAAAAACwRKAIAAAAAAAAAAACwRKAIAAAAAAAAAAAAwBKB\nIgAAAAAAAAAAAABLBIoAAAAAAAAAAAAALBEoAgAAAAAAAAAAALBEoAgAAAAAAAAAAADAEoEiAAAA\nAAAAAAAAAEsEigAAAAAAAAAAAAAsESgCAAAAAAAAAAAAsESgCAAAAAAAAAAAAMASgSIAAAAAAAAA\nAAAASwSKAAAAAAAAAAAAACwRKAIAAAAAAAAAAACwRKAIAAAAAAAAAAAAwBKBIgAAAAAAAAAAAABL\nBIoAAAAAAAAAAAAALBEoAgAAAAAAAAAAALBEoAgAAAAAAAAAAADAEoEiAAAAAAAAAAAAAEsEigAA\nAAAAAAAAAAAsESgCAAAAAAAAAAAAsESgCAAAAAAAAAAAAMASgSIAAAAAAAAAAAAASwSKAAAAAAAA\nAAAAACwRKAIAAAAAAAAAAACwRKAIAAAAAAAAAAAAwBKBIgAAAAAAAAAAAABLBIoAAAAAAAAAAAAA\nLBEoAgAAAAAAAAAAALAU0d0TwGnI9EryyubcK2PfEzKKP5VMU2bvyfKO+E+ZCedKhl0yyLMBAAAA\nAAAAAAB6OqO6utrs7kngNGCaMtzFitx9u1S0WabbI8M0JW/TP6bXkCFJKdPkPv8ZmTFnSYbR3c8A\nAAAAAA...
[35m[HTTP][39m [37m<-- GET /wd/hub/session/39444ce3-184e-494a-a8eb-c5f07b71ba8a/screenshot [39m[32m200[39m [90m524 ms - 401172[39m
[35m[HTTP][39m [90m[39m
[35m[HTTP][39m [37m-->[39m [37mGET[39m [37m/wd/hub/session/39444ce3-184e-494a-a8eb-c5f07b71ba8a/window/rect[39m
[35m[HTTP][39m [90m{}[39m
[debug] [35m[W3C (39444ce3)][39m Calling AppiumDriver.getWindowRect() with args: ["39444ce3-184e-494a-a8eb-c5f07b71ba8a"]
[debug] [35m[WD Proxy][39m Matched '/window/current/size' to command name 'getWindowSize'
[debug] [35m[WD Proxy][39m Proxying [GET /window/current/size] to [GET http://127.0.0.1:8267/wd/hub/session/532696c1-380e-4413-b70a-05af31f1ae09/window/current/size] with no body
[debug] [35m[WD Proxy][39m Got response with status 200: {"sessionId":"532696c1-380e-4413-b70a-05af31f1ae09","value":{"height":2050,"width":1812}}
[debug] [35m[W3C (39444ce3)][39m Responding to client with driver.getWindowRect() result: {"width":1812,"height":2050,"x":0,"y":0}
[35m[HTTP][39m [37m<-- GET /wd/hub/session/39444ce3-184e-494a-a8eb-c5f07b71ba8a/window/rect [39m[32m200[39m [90m39 ms - 50[39m
[35m[HTTP][39m [90m[39m
[35m[HTTP][39m [37m-->[39m [37mGET[39m [37m/wd/hub/session/39444ce3-184e-494a-a8eb-c5f07b71ba8a/appium/device/system_bars[39m
[35m[HTTP][39m [90m{}[39m
[debug] [35m[W3C (39444ce3)][39m Calling AppiumDriver.getSystemBars() with args: ["39444ce3-184e-494a-a8eb-c5f07b71ba8a"]
[debug] [35m[ADB][39m Running 'C:\Users\quochuy.lu\AppData\Local\Android\Sdk\platform-tools\adb.exe -P 5037 -s RFCT80P5YTM shell dumpsys window windows'
[debug] [35m[W3C (39444ce3)][39m Responding to client with driver.getSystemBars() result: {"statusBar":{"visible":true,"x":0,"y":0,"width":null,"height":1},"navigationBar":{"visible":false,"x":0,"y":0,"width":null,"height":1}}
[35m[HTTP][39m [37m<-- GET /wd/hub/session/39444ce3-184e-494a-a8eb-c5f07b71ba8a/appium/device/system_bars [39m[32m200[39m [90m182 ms - 146[39m
[35m[HTTP][39m [90m[39m
[35m[HTTP][39m [37m-->[39m [37mPOST[39m [37m/wd/hub/session/39444ce3-184e-494a-a8eb-c5f07b71ba8a/appium/device/activate_app[39m
[35m[HTTP][39m [90m{"bundleId":"com.android.chrome"}[39m
[debug] [35m[W3C (39444ce3)][39m Calling AppiumDriver.activateApp() with args: ["com.android.chrome",null,null,null,"39444ce3-184e-494a-a8eb-c5f07b71ba8a"]
[debug] [35m[AndroidDriver][39m Activating 'com.android.chrome' with 'adb shell monkey -p com.android.chrome -c android.intent.category.LAUNCHER 1' command
[debug] [35m[ADB][39m Running 'C:\Users\quochuy.lu\AppData\Local\Android\Sdk\platform-tools\adb.exe -P 5037 -s RFCT80P5YTM shell monkey -p com.android.chrome -c android.intent.category.LAUNCHER 1'
[debug] [35m[AndroidDriver][39m Command stdout: bash arg: -p
[debug] [35m[AndroidDriver][39m   bash arg: com.android.chrome
[debug] [35m[AndroidDriver][39m   bash arg: -c
[debug] [35m[AndroidDriver][39m   bash arg: android.intent.category.LAUNCHER
[debug] [35m[AndroidDriver][39m   bash arg: 1
[debug] [35m[AndroidDriver][39m Events injected: 1
[debug] [35m[AndroidDriver][39m ## Network stats: elapsed time=36ms (0ms mobile, 0ms wifi, 36ms not connected)
[debug] [35m[W3C (39444ce3)][39m Responding to client with driver.activateApp() result: null
[35m[HTTP][39m [37m<-- POST /wd/hub/session/39444ce3-184e-494a-a8eb-c5f07b71ba8a/appium/device/activate_app [39m[32m200[39m [90m356 ms - 14[39m
[35m[HTTP][39m [90m[39m
[35m[HTTP][39m [37m-->[39m [37mGET[39m [37m/wd/hub/session/39444ce3-184e-494a-a8eb-c5f07b71ba8a/source[39m
[35m[HTTP][39m [90m{}[39m
[35m[W3C (39444ce3)][39m Driver proxy active, passing request on via HTTP proxy
[debug] [35m[WD Proxy][39m Matched '/wd/hub/session/39444ce3-184e-494a-a8eb-c5f07b71ba8a/source' to command name 'getPageSource'
[debug] [35m[WD Proxy][39m Proxying [GET /wd/hub/session/39444ce3-184e-494a-a8eb-c5f07b71ba8a/source] to [GET http://127.0.0.1:8267/wd/hub/session/532696c1-380e-4413-b70a-05af31f1ae09/source] with no body
[debug] [35m[WD Proxy][39m Got response with status 200: {"sessionId":"532696c1-380e-4413-b70a-05af31f1ae09","value":"<?xml version='1.0' encoding='UTF-8' standalone='yes' ?>\r\n<hierarchy index=\"0\" class=\"hierarchy\" rotation=\"0\" width=\"1812\" height=\"2050\">\r\n  <android.widget.FrameLayout index=\"0\" package=\"com.android.chrome\" class=\"android.widget.FrameLayout\" text=\"\" checkable=\"false\" checked=\"false\" clickable=\"false\" enabled=\"true\" focusable=\"false\" focused=\"false\" long-clickable=\"false\" password=\"false\" scrollable=\"false\" selected=\"false\" bounds=\"[0,0][1812,2050]\" displayed=\"true\" />\r\n</hierarchy>"}
[35m[WD Proxy][39m Replacing sessionId 532696c1-380e-4413-b70a-05af31f1ae09 with 39444ce3-184e-494a-a8eb-c5f07b71ba8a
[35m[HTTP][39m [37m<-- GET /wd/hub/session/39444ce3-184e-494a-a8eb-c5f07b71ba8a/source [39m[32m200[39m [90m464 ms - 598[39m
[35m[HTTP][39m [90m[39m
[35m[HTTP][39m [37m-->[39m [37mGET[39m [37m/wd/hub/session/39444ce3-184e-494a-a8eb-c5f07b71ba8a/screenshot[39m
[35m[HTTP][39m [90m{}[39m
[debug] [35m[W3C (39444ce3)][39m Calling AppiumDriver.getScreenshot() with args: ["39444ce3-184e-494a-a8eb-c5f07b71ba8a"]
[debug] [35m[WD Proxy][39m Matched '/screenshot' to command name 'getScreenshot'
[debug] [35m[WD Proxy][39m Proxying [GET /screenshot] to [GET http://127.0.0.1:8267/wd/hub/session/532696c1-380e-4413-b70a-05af31f1ae09/screenshot] with no body
[debug] [35m[WD Proxy][39m Got response with status 200: {"sessionId":"532696c1-380e-4413-b70a-05af31f1ae09","value":"iVBORw0KGgoAAAANSUhEUgAABxQAAAiACAYAAAARqhK8AAAAAXNSR0IArs4c6QAAAARzQklUCAgI\nCHwIZIgAACAASURBVHic7N15dFzlne77Z+9dJak0z6Ot2fI8D4BtjMEGE4YACaRD0iGdse859DlZ\nfW+fm7POWae7b6879VqdZPXppPsmQHdG0oEQIMzYGAy2Ac/zpMnWLGseS1IN+/5RUlmyqjTbksz3\nwzKuqr3r3W9JrpLWfvbv9xrffvp7tgAAAAAAAAAAAAAgBHO2JwAAAAAAAAAAAABg7iJQBAAAAAAA\nAAAAABAWgSIAAAAAAAAAAACAsAgUAQAAAAAAAAAAAIRFoAgAAAAAAAAAAAAgLAJFAAAAAAAAAAAA\nAGERKAIAAAAAAAAAAAAIi0ARAAAAAAAAAAAAQFgEigAAAAAAAAAAAADCIlAEAAAAAAAAAAAAEBaB\nIgAAAAAAAAAAAICwCBQBAAAAAAAAAAAAhEWgCAAAAAAAAAAAACAsAkUAAAAAAAAAAAAAYREoAgAA\nAAAAAAAAAAiLQBEAAAAAAAAAAABAWASKAAAAAAAAAAAAAMIiUAQAAAAAAAAAAAAQFoEiAAAAAAAA\nAAAAgLAIFAEAAAAAAAAAAACERaAIAAAAAAAAAAAAICwCRQAAAAAAAAAAAABhESgCAAAAAAAAAAAA\nCItAEQAAAAAAAAAAAEBYBIoAAAAAAAAAAAAAwiJQBAAAAAAAAAAAABAWgSIAAAAAAAAAAACAsAgU\nAQAAAAAAAAAAAIRFoAgAAAAAAAAAAAAgLAJFAAAAAAAAAAAAAGERKAIAAAAAAAAAAAAIi0ARAAAA\nAAAAAAAAQFgEigAAAAAAAAAAAADCcsz2BHDrMWTLMGxlxbTr/vzjKo5pkGSrsjNdb1WtU11vsvy2\nIVvGbE8VAAAAAAAAAAAA4yBQ...
[debug] [35m[W3C (39444ce3)][39m Responding to client with driver.getScreenshot() result: "iVBORw0KGgoAAAANSUhEUgAABxQAAAiACAYAAAARqhK8AAAAAXNSR0IArs4c6QAAAARzQklUCAgI\nCHwIZIgAACAASURBVHic7N15dFzlne77Z+9dJak0z6Ot2fI8D4BtjMEGE4YACaRD0iGdse859DlZ\nfW+fm7POWae7b6879VqdZPXppPsmQHdG0oEQIMzYGAy2Ac/zpMnWLGseS1IN+/5RUlmyqjTbksz3\nwzKuqr3r3W9JrpLWfvbv9xrffvp7tgAAAAAAAAAAAAAgBHO2JwAAAAAAAAAAAABg7iJQBAAAAAAA\nAAAAABAWgSIAAAAAAAAAAACAsAgUAQAAAAAAAAAAAIRFoAgAAAAAAAAAAAAgLAJFAAAAAAAAAAAA\nAGERKAIAAAAAAAAAAAAIi0ARAAAAAAAAAAAAQFgEigAAAAAAAAAAAADCIlAEAAAAAAAAAAAAEBaB\nIgAAAAAAAAAAAICwCBQBAAAAAAAAAAAAhEWgCAAAAAAAAAAAACAsAkUAAAAAAAAAAAAAYREoAgAA\nAAAAAAAAAAiLQBEAAAAAAAAAAABAWASKAAAAAAAAAAAAAMIiUAQAAAAAAAAAAAAQFoEiAAAAAAAA\nAAAAgLAIFAEAAAAAAAAAAACERaAIAAAAAAAAAAAAICwCRQAAAAAAAAAAAABhESgCAAAAAAAAAAAA\nCItAEQAAAAAAAAAAAEBYBIoAAAAAAAAAAAAAwiJQBAAAAAAAAAAAABAWgSIAAAAAAAAAAACAsAgU\nAQAAAAAAAAAAAIRFoAgAAAAAAAAAAAAgLAJFAAAAAAAAAAAAAGERKAIAAAAAAAAAAAAIi0ARAAAA\nAAAAAAAAQFgEigAAAAAAAAAAAADCcsz2BHDrMWTLMGxlxbTr/vzjKo5pkGSrsjNdb1WtU11vsvy2\nIVvGbE8VAAAAAAAAAAAA4yBQxIwwJMVHuvXNtfu0KK5ehs8vw7Yl/7U/SYkVWhdfLr9Pkm2rojdL\nz5bfq4...
[35m[HTTP][39m [37m<-- GET /wd/hub/session/39444ce3-184e-494a-a8eb-c5f07b71ba8a/screenshot [39m[32m200[39m [90m371 ms - 267110[39m
[35m[HTTP][39m [90m[39m
[35m[HTTP][39m [37m-->[39m [37mGET[39m [37m/wd/hub/session/39444ce3-184e-494a-a8eb-c5f07b71ba8a/source[39m
[35m[HTTP][39m [90m{}[39m
[35m[W3C (39444ce3)][39m Driver proxy active, passing request on via HTTP proxy
[debug] [35m[WD Proxy][39m Matched '/wd/hub/session/39444ce3-184e-494a-a8eb-c5f07b71ba8a/source' to command name 'getPageSource'
[debug] [35m[WD Proxy][39m Proxying [GET /wd/hub/session/39444ce3-184e-494a-a8eb-c5f07b71ba8a/source] to [GET http://127.0.0.1:8267/wd/hub/session/532696c1-380e-4413-b70a-05af31f1ae09/source] with no body
[debug] [35m[WD Proxy][39m Got response with status 200: {"sessionId":"532696c1-380e-4413-b70a-05af31f1ae09","value":"<?xml version='1.0' encoding='UTF-8' standalone='yes' ?>\r\n<hierarchy index=\"0\" class=\"hierarchy\" rotation=\"0\" width=\"1812\" height=\"2050\">\r\n  <android.widget.FrameLayout index=\"0\" package=\"com.android.chrome\" class=\"android.widget.FrameLayout\" text=\"\" checkable=\"false\" checked=\"false\" clickable=\"false\" enabled=\"true\" focusable=\"false\" focused=\"false\" long-clickable=\"false\" password=\"false\" scrollable=\"false\" selected=\"false\" bounds=\"[181,481][1630,1651]\" displayed=\"true\">\r\n    <android.widget.LinearLayout index=\"0\" package=\"com.android.chrome\" class=\"android.widget.LinearLayout\" text=\"\" checkable=\"false\" checked=\"false\" clickable=\"false\" enabled=\"true\" focusable=\"false\" focused=\"false\" long-clickable=\"false\" password=\"false\" scrollable=\"false\" selected=\"false\" bounds=\"[181,481][1630,1651]\" displayed=\"true\">\r\n      <android.widget.FrameLayout index=\"0\" package=\"com...
[35m[WD Proxy][39m Replacing sessionId 532696c1-380e-4413-b70a-05af31f1ae09 with 39444ce3-184e-494a-a8eb-c5f07b71ba8a
[35m[HTTP][39m [37m<-- GET /wd/hub/session/39444ce3-184e-494a-a8eb-c5f07b71ba8a/source [39m[32m200[39m [90m64 ms - 5425[39m
[35m[HTTP][39m [90m[39m
[35m[HTTP][39m [37m-->[39m [37mGET[39m [37m/wd/hub/session/39444ce3-184e-494a-a8eb-c5f07b71ba8a/screenshot[39m
[35m[HTTP][39m [90m{}[39m
[debug] [35m[W3C (39444ce3)][39m Calling AppiumDriver.getScreenshot() with args: ["39444ce3-184e-494a-a8eb-c5f07b71ba8a"]
[debug] [35m[WD Proxy][39m Matched '/screenshot' to command name 'getScreenshot'
[debug] [35m[WD Proxy][39m Proxying [GET /screenshot] to [GET http://127.0.0.1:8267/wd/hub/session/532696c1-380e-4413-b70a-05af31f1ae09/screenshot] with no body
[debug] [35m[WD Proxy][39m Got response with status 200: {"sessionId":"532696c1-380e-4413-b70a-05af31f1ae09","value":"iVBORw0KGgoAAAANSUhEUgAABxQAAAiACAYAAAARqhK8AAAAAXNSR0IArs4c6QAAAARzQklUCAgI\nCHwIZIgAACAASURBVHic7N13fFzlne/x7zkzozIjjXqzmrsluTeKC8YUY1MNJrSQZBPIhs2m7LJ7\nk+y9yd5k08huyN6QQhJgQwoEQjMtgCkG23Q3bGPLRbKt5qJeZlRGM+f+MdJYsmbUbcvm895VGJ1z\n5jnPqIz8Ot/z+z3G1TfcaAkAAAAAAAAAAAAAwjDP9AQAAAAAAAAAAAAAjF0EigAAAAAAAAAAAAAi\nIlAEAAAAAAAAAAAAEBGBIgAAAAAAAAAAAICICBQBAAAAAAAAAAAARESgCAAAAAAAAAAAACAiAkUA\nAAAAAAAAAAAAEREoAgAAAAAAAAAAAIiIQBEAAAAAAAAAAABARASKAAAAAAAAAAAAACIiUAQAAAAA\nAAAAAAAQEYEiAAAAAAAAAAAAgIgIFAEAAAAAAAAAAABERKAIAAAAAAAAAAAAICICRQAAAAAAAAAA\nAAARESgCAAAAAAAAAAAAiIhAEQAAAAAAAAAAAEBEBIoAAAAAAAAAAAAAIiJQBAAAAAAAAAAAABAR\ngSIAAAAAAAAAAACAiAgUAQAAAAAAAAAAAEREoAgAAAAAAAAAAAAgIgJFAAAAAAAAAAAAABERKAIA\nAAAAAAAAAACIiEARAAAAAAAAAAAAQEQEigAAAAAAAAAAAAAiIlAEAAAAAAAAAAAAEBGBIgAAAAAA\nAAAAAICICBQBAAAAAAAAAAAARESgCAAAAAAAAAAAACAiAkUAAAAAAAAAAAAAEREoAgAAAAAAAAAA\nAIiIQBEAAAAAAAAAAABARPYzPQGcewxZMk0pN6FFa6YfUGFynQxL2luboCd2T1F5Y7z8liFLxpme\nKgAAAAAAAAAAAAZAoIhRYUhK...
[debug] [35m[W3C (39444ce3)][39m Responding to client with driver.getScreenshot() result: "iVBORw0KGgoAAAANSUhEUgAABxQAAAiACAYAAAARqhK8AAAAAXNSR0IArs4c6QAAAARzQklUCAgI\nCHwIZIgAACAASURBVHic7N13fFzlne/x7zkzozIjjXqzmrsluTeKC8YUY1MNJrSQZBPIhs2m7LJ7\nk+y9yd5k08huyN6QQhJgQwoEQjMtgCkG23Q3bGPLRbKt5qJeZlRGM+f+MdJYsmbUbcvm895VGJ1z\n5jnPqIz8Ot/z+z3G1TfcaAkAAAAAAAAAAAAAwjDP9AQAAAAAAAAAAAAAjF0EigAAAAAAAAAAAAAi\nIlAEAAAAAAAAAAAAEBGBIgAAAAAAAAAAAICICBQBAAAAAAAAAAAARESgCAAAAAAAAAAAACAiAkUA\nAAAAAAAAAAAAEREoAgAAAAAAAAAAAIiIQBEAAAAAAAAAAABARASKAAAAAAAAAAAAACIiUAQAAAAA\nAAAAAAAQEYEiAAAAAAAAAAAAgIgIFAEAAAAAAAAAAABERKAIAAAAAAAAAAAAICICRQAAAAAAAAAA\nAAARESgCAAAAAAAAAAAAiIhAEQAAAAAAAAAAAEBEBIoAAAAAAAAAAAAAIiJQBAAAAAAAAAAAABAR\ngSIAAAAAAAAAAACAiAgUAQAAAAAAAAAAAEREoAgAAAAAAAAAAAAgIgJFAAAAAAAAAAAAABERKAIA\nAAAAAAAAAACIiEARAAAAAAAAAAAAQEQEigAAAAAAAAAAAAAiIlAEAAAAAAAAAAAAEBGBIgAAAAAA\nAAAAAICICBQBAAAAAAAAAAAARESgCAAAAAAAAAAAACAiAkUAAAAAAAAAAAAAEREoAgAAAAAAAAAA\nAIiIQBEAAAAAAAAAAABARPYzPQGcewxZMk0pN6FFa6YfUGFynQxL2luboCd2T1F5Y7z8liFLxpme\nKgAAAAAAAAAAAAZAoIhRYUhKjG3X3Zfs1PSUOhn+gAzLkgInPhZlerUovUoBvyTLUnFDsu7dvEB1\nbbGyzv...
[35m[HTTP][39m [37m<-- GET /wd/hub/session/39444ce3-184e-494a-a8eb-c5f07b71ba8a/screenshot [39m[32m200[39m [90m413 ms - 478654[39m
[35m[HTTP][39m [90m[39m
[35m[HTTP][39m [37m-->[39m [37mPOST[39m [37m/wd/hub/session/39444ce3-184e-494a-a8eb-c5f07b71ba8a/elements[39m
[35m[HTTP][39m [90m{"using":"xpath","value":"//*[@class = 'android.widget.Button' and (@text = 'No, thanks' or . = 'No, thanks') and @resource-id = 'com.android.chrome:id/negative_button']"}[39m
[debug] [35m[W3C (39444ce3)][39m Calling AppiumDriver.findElements() with args: ["xpath","//*[@class = 'android.widget.Button' and (@text = 'No, thanks' or . = 'No, thanks') and @resource-id = 'com.android.chrome:id/negative_button']","39444ce3-184e-494a-a8eb-c5f07b71ba8a"]
[debug] [35m[BaseDriver][39m Valid locator strategies for this request: xpath, id, class name, accessibility id, css selector, -android uiautomator
[debug] [35m[BaseDriver][39m Waiting up to 60000 ms for condition
[debug] [35m[WD Proxy][39m Matched '/elements' to command name 'findElements'
[debug] [35m[WD Proxy][39m Proxying [POST /elements] to [POST http://127.0.0.1:8267/wd/hub/session/532696c1-380e-4413-b70a-05af31f1ae09/elements] with body: {"strategy":"xpath","selector":"//*[@class = 'android.widget.Button' and (@text = 'No, thanks' or . = 'No, thanks') and @resource-id = 'com.android.chrome:id/negative_button']","context":"","multiple":true}
[debug] [35m[WD Proxy][39m Got response with status 200: {"sessionId":"532696c1-380e-4413-b70a-05af31f1ae09","value":[{"ELEMENT":"00000000-0000-007c-ffff-ffff000000e2","element-6066-11e4-a52e-4f735466cecf":"00000000-0000-007c-ffff-ffff000000e2"}]}
[debug] [35m[W3C (39444ce3)][39m Responding to client with driver.findElements() result: [{"element-6066-11e4-a52e-4f735466cecf":"00000000-0000-007c-ffff-ffff000000e2","ELEMENT":"00000000-0000-007c-ffff-ffff000000e2"}]
[35m[HTTP][39m [37m<-- POST /wd/hub/session/39444ce3-184e-494a-a8eb-c5f07b71ba8a/elements [39m[32m200[39m [90m123 ms - 139[39m
[35m[HTTP][39m [90m[39m
[35m[HTTP][39m [37m-->[39m [37mGET[39m [37m/wd/hub/session/39444ce3-184e-494a-a8eb-c5f07b71ba8a/window/rect[39m
[35m[HTTP][39m [90m{}[39m
[debug] [35m[W3C (39444ce3)][39m Calling AppiumDriver.getWindowRect() with args: ["39444ce3-184e-494a-a8eb-c5f07b71ba8a"]
[debug] [35m[WD Proxy][39m Matched '/window/current/size' to command name 'getWindowSize'
[debug] [35m[WD Proxy][39m Proxying [GET /window/current/size] to [GET http://127.0.0.1:8267/wd/hub/session/532696c1-380e-4413-b70a-05af31f1ae09/window/current/size] with no body
[debug] [35m[WD Proxy][39m Got response with status 200: {"sessionId":"532696c1-380e-4413-b70a-05af31f1ae09","value":{"height":2050,"width":1812}}
[debug] [35m[W3C (39444ce3)][39m Responding to client with driver.getWindowRect() result: {"width":1812,"height":2050,"x":0,"y":0}
[35m[HTTP][39m [37m<-- GET /wd/hub/session/39444ce3-184e-494a-a8eb-c5f07b71ba8a/window/rect [39m[32m200[39m [90m20 ms - 50[39m
[35m[HTTP][39m [90m[39m
[35m[HTTP][39m [37m-->[39m [37mPOST[39m [37m/wd/hub/session/39444ce3-184e-494a-a8eb-c5f07b71ba8a/elements[39m
[35m[HTTP][39m [90m{"using":"xpath","value":"//*[@class = 'android.widget.Button' and (@text = 'No, thanks' or . = 'No, thanks') and @resource-id = 'com.android.chrome:id/negative_button']"}[39m
[debug] [35m[W3C (39444ce3)][39m Calling AppiumDriver.findElements() with args: ["xpath","//*[@class = 'android.widget.Button' and (@text = 'No, thanks' or . = 'No, thanks') and @resource-id = 'com.android.chrome:id/negative_button']","39444ce3-184e-494a-a8eb-c5f07b71ba8a"]
[debug] [35m[BaseDriver][39m Valid locator strategies for this request: xpath, id, class name, accessibility id, css selector, -android uiautomator
[debug] [35m[BaseDriver][39m Waiting up to 60000 ms for condition
[debug] [35m[WD Proxy][39m Matched '/elements' to command name 'findElements'
[debug] [35m[WD Proxy][39m Proxying [POST /elements] to [POST http://127.0.0.1:8267/wd/hub/session/532696c1-380e-4413-b70a-05af31f1ae09/elements] with body: {"strategy":"xpath","selector":"//*[@class = 'android.widget.Button' and (@text = 'No, thanks' or . = 'No, thanks') and @resource-id = 'com.android.chrome:id/negative_button']","context":"","multiple":true}
[debug] [35m[WD Proxy][39m Got response with status 200: {"sessionId":"532696c1-380e-4413-b70a-05af31f1ae09","value":[{"ELEMENT":"00000000-0000-007c-ffff-ffff000000e2","element-6066-11e4-a52e-4f735466cecf":"00000000-0000-007c-ffff-ffff000000e2"}]}
[debug] [35m[W3C (39444ce3)][39m Responding to client with driver.findElements() result: [{"element-6066-11e4-a52e-4f735466cecf":"00000000-0000-007c-ffff-ffff000000e2","ELEMENT":"00000000-0000-007c-ffff-ffff000000e2"}]
[35m[HTTP][39m [37m<-- POST /wd/hub/session/39444ce3-184e-494a-a8eb-c5f07b71ba8a/elements [39m[32m200[39m [90m89 ms - 139[39m
[35m[HTTP][39m [90m[39m
[35m[HTTP][39m [37m-->[39m [37mGET[39m [37m/wd/hub/session/39444ce3-184e-494a-a8eb-c5f07b71ba8a/element/00000000-0000-007c-ffff-ffff000000e2/location[39m
[35m[HTTP][39m [90m{}[39m
[35m[W3C (39444ce3)][39m Driver proxy active, passing request on via HTTP proxy
[debug] [35m[WD Proxy][39m Matched '/wd/hub/session/39444ce3-184e-494a-a8eb-c5f07b71ba8a/element/00000000-0000-007c-ffff-ffff000000e2/location' to command name 'getLocation'
[debug] [35m[WD Proxy][39m Proxying [GET /wd/hub/session/39444ce3-184e-494a-a8eb-c5f07b71ba8a/element/00000000-0000-007c-ffff-ffff000000e2/location] to [GET http://127.0.0.1:8267/wd/hub/session/532696c1-380e-4413-b70a-05af31f1ae09/element/00000000-0000-007c-ffff-ffff000000e2/location] with no body
[debug] [35m[WD Proxy][39m Got response with status 200: {"sessionId":"532696c1-380e-4413-b70a-05af31f1ae09","value":{"x":1055,"y":1483}}
[35m[WD Proxy][39m Replacing sessionId 532696c1-380e-4413-b70a-05af31f1ae09 with 39444ce3-184e-494a-a8eb-c5f07b71ba8a
[35m[HTTP][39m [37m<-- GET /wd/hub/session/39444ce3-184e-494a-a8eb-c5f07b71ba8a/element/00000000-0000-007c-ffff-ffff000000e2/location [39m[32m200[39m [90m31 ms - 80[39m
[35m[HTTP][39m [90m[39m
[35m[HTTP][39m [37m-->[39m [37mPOST[39m [37m/wd/hub/session/39444ce3-184e-494a-a8eb-c5f07b71ba8a/element/00000000-0000-007c-ffff-ffff000000e2/click[39m
[35m[HTTP][39m [90m{"id":"00000000-0000-007c-ffff-ffff000000e2"}[39m
[debug] [35m[W3C (39444ce3)][39m Calling AppiumDriver.click() with args: ["00000000-0000-007c-ffff-ffff000000e2","39444ce3-184e-494a-a8eb-c5f07b71ba8a"]
[debug] [35m[WD Proxy][39m Matched '/element/00000000-0000-007c-ffff-ffff000000e2/click' to command name 'click'
[debug] [35m[WD Proxy][39m Proxying [POST /element/00000000-0000-007c-ffff-ffff000000e2/click] to [POST http://127.0.0.1:8267/wd/hub/session/532696c1-380e-4413-b70a-05af31f1ae09/element/00000000-0000-007c-ffff-ffff000000e2/click] with body: {"element":"00000000-0000-007c-ffff-ffff000000e2"}
[debug] [35m[WD Proxy][39m Got response with status 200: {"sessionId":"532696c1-380e-4413-b70a-05af31f1ae09","value":null}
[debug] [35m[W3C (39444ce3)][39m Responding to client with driver.click() result: null
[35m[HTTP][39m [37m<-- POST /wd/hub/session/39444ce3-184e-494a-a8eb-c5f07b71ba8a/element/00000000-0000-007c-ffff-ffff000000e2/click [39m[32m200[39m [90m749 ms - 14[39m
[35m[HTTP][39m [90m[39m
[35m[HTTP][39m [37m-->[39m [37mGET[39m [37m/wd/hub/session/39444ce3-184e-494a-a8eb-c5f07b71ba8a/source[39m
[35m[HTTP][39m [90m{}[39m
[35m[W3C (39444ce3)][39m Driver proxy active, passing request on via HTTP proxy
[debug] [35m[WD Proxy][39m Matched '/wd/hub/session/39444ce3-184e-494a-a8eb-c5f07b71ba8a/source' to command name 'getPageSource'
[debug] [35m[WD Proxy][39m Proxying [GET /wd/hub/session/39444ce3-184e-494a-a8eb-c5f07b71ba8a/source] to [GET http://127.0.0.1:8267/wd/hub/session/532696c1-380e-4413-b70a-05af31f1ae09/source] with no body
[debug] [35m[WD Proxy][39m Got response with status 200: {"sessionId":"532696c1-380e-4413-b70a-05af31f1ae09","value":"<?xml version='1.0' encoding='UTF-8' standalone='yes' ?>\r\n<hierarchy index=\"0\" class=\"hierarchy\" rotation=\"0\" width=\"1812\" height=\"2050\">\r\n  <android.widget.FrameLayout index=\"0\" package=\"com.android.chrome\" class=\"android.widget.FrameLayout\" text=\"\" checkable=\"false\" checked=\"false\" clickable=\"false\" enabled=\"true\" focusable=\"false\" focused=\"false\" long-clickable=\"false\" password=\"false\" scrollable=\"false\" selected=\"false\" bounds=\"[0,0][1812,2050]\" displayed=\"true\">\r\n    <android.widget.LinearLayout index=\"0\" package=\"com.android.chrome\" class=\"android.widget.LinearLayout\" text=\"\" checkable=\"false\" checked=\"false\" clickable=\"false\" enabled=\"true\" focusable=\"false\" focused=\"false\" long-clickable=\"false\" password=\"false\" scrollable=\"false\" selected=\"false\" bounds=\"[0,0][1812,2050]\" displayed=\"true\">\r\n      <android.widget.FrameLayout index=\"0\" package=\"com.android...
[35m[WD Proxy][39m Replacing sessionId 532696c1-380e-4413-b70a-05af31f1ae09 with 39444ce3-184e-494a-a8eb-c5f07b71ba8a
[35m[HTTP][39m [37m<-- GET /wd/hub/session/39444ce3-184e-494a-a8eb-c5f07b71ba8a/source [39m[32m200[39m [90m278 ms - 49575[39m
[35m[HTTP][39m [90m[39m
[35m[HTTP][39m [37m-->[39m [37mGET[39m [37m/wd/hub/session/39444ce3-184e-494a-a8eb-c5f07b71ba8a/screenshot[39m
[35m[HTTP][39m [90m{}[39m
[debug] [35m[W3C (39444ce3)][39m Calling AppiumDriver.getScreenshot() with args: ["39444ce3-184e-494a-a8eb-c5f07b71ba8a"]
[debug] [35m[WD Proxy][39m Matched '/screenshot' to command name 'getScreenshot'
[debug] [35m[WD Proxy][39m Proxying [GET /screenshot] to [GET http://127.0.0.1:8267/wd/hub/session/532696c1-380e-4413-b70a-05af31f1ae09/screenshot] with no body
[debug] [35m[WD Proxy][39m Got response with status 200: {"sessionId":"532696c1-380e-4413-b70a-05af31f1ae09","value":"iVBORw0KGgoAAAANSUhEUgAABxQAAAiACAYAAAARqhK8AAAAAXNSR0IArs4c6QAAAARzQklUCAgI\nCHwIZIgAACAASURBVHic7N13fFzlmfbx65wp6s1qrnIvcq+ADTYGGwym9xAgkEoCZENCkt2F3YTk\nXdgUQmA3kCUhCRBSwMbYmF6MwWDA3diyJTc1W1bvGmnqef8YayxZGllWsSTz+yb6MDPnnOc8Y2lG\n+sx17vsx9pfWWgIAAAAAAAAAAACAdph9PQEAAAAAAAAAAAAA/ReBIgAAAAAAAAAAAICwCBQBAAAA\nAAAAAAAAhEWgCAAAAAAAAAAAACAsAkUAAAAAAAAAAAAAYREoAgAAAAAAAAAAAAiLQBEAAAAAAAAA\nAABAWASKAAAAAAAAAAAAAMIiUAQAAAAAAAAAAAAQFoEiAAAAAAAAAAAAgLAIFAEAAAAAAAAAAACE\nRaAIAAAAAAAAAAAAICwCRQAAAAAAAAAAAABhESgCAAAAAAAAAAAACItAEQAAAAAAAAAAAEBYBIoA\nAAAAAAAAAAAAwiJQBAAAAAAAAAAAABAWgSIAAAAAAAAAAACAsAgUAQAAAAAAAAAAAIRFoAgAAAAA\nAAAAAAAgLAJFAAAAAAAAAAAAAGERKAIAAAAAAAAAAAAIi0ARAAAAAAAAAAAAQFgEigAAAAAAAAAA\nAADCIlAEAAAAAAAAAAAAEBaBIgAAAAAAAAAAAICwCBQBAAAAAAAAAAAAhEWgCAAAAAAAAAAAACAs\nAkUAAAAAAAAAAAAAYREoAgAAAAAAAAAAAAiLQBEAAAAAAAAAAABAWASKAAAAAAAAAAAAAMIiUAQA\nAAAAAAAAAAAQlr2vJ4AzkBWQoYAcjfuVUPCYIio/kyxL7vg5qhl1r7wxmbIMm2SQZwMAAAAAAAAA\nAPR3xv7SWquvJ4EzgGXJ5itT...
[debug] [35m[W3C (39444ce3)][39m Responding to client with driver.getScreenshot() result: "iVBORw0KGgoAAAANSUhEUgAABxQAAAiACAYAAAARqhK8AAAAAXNSR0IArs4c6QAAAARzQklUCAgI\nCHwIZIgAACAASURBVHic7N13fFzlmfbx65wp6s1qrnIvcq+ADTYGGwym9xAgkEoCZENCkt2F3YTk\nXdgUQmA3kCUhCRBSwMbYmF6MwWDA3diyJTc1W1bvGmnqef8YayxZGllWsSTz+yb6MDPnnOc8Y2lG\n+sx17vsx9pfWWgIAAAAAAAAAAACAdph9PQEAAAAAAAAAAAAA/ReBIgAAAAAAAAAAAICwCBQBAAAA\nAAAAAAAAhEWgCAAAAAAAAAAAACAsAkUAAAAAAAAAAAAAYREoAgAAAAAAAAAAAAiLQBEAAAAAAAAA\nAABAWASKAAAAAAAAAAAAAMIiUAQAAAAAAAAAAAAQFoEiAAAAAAAAAAAAgLAIFAEAAAAAAAAAAACE\nRaAIAAAAAAAAAAAAICwCRQAAAAAAAAAAAABhESgCAAAAAAAAAAAACItAEQAAAAAAAAAAAEBYBIoA\nAAAAAAAAAAAAwiJQBAAAAAAAAAAAABAWgSIAAAAAAAAAAACAsAgUAQAAAAAAAAAAAIRFoAgAAAAA\nAAAAAAAgLAJFAAAAAAAAAAAAAGERKAIAAAAAAAAAAAAIi0ARAAAAAAAAAAAAQFgEigAAAAAAAAAA\nAADCIlAEAAAAAAAAAAAAEBaBIgAAAAAAAAAAAICwCBQBAAAAAAAAAAAAhEWgCAAAAAAAAAAAACAs\nAkUAAAAAAAAAAAAAYREoAgAAAAAAAAAAAAiLQBEAAAAAAAAAAABAWASKAAAAAAAAAAAAAMIiUAQA\nAAAAAAAAAAAQlr2vJ4AzkBWQoYAcjfuVUPCYIio/kyxL7vg5qhl1r7wxmbIMm2SQZwMAAAAAAAAA\nAPR3xv7SWquvJ4EzgGXJ5itTeu6/KKJyoyyvT4ZlSYG2X1bAkCHJnXy2Smf8Qb6IIZJh9PUzAAAA\nAAAAAA...
[35m[HTTP][39m [37m<-- GET /wd/hub/session/39444ce3-184e-494a-a8eb-c5f07b71ba8a/screenshot [39m[32m200[39m [90m587 ms - 1076778[39m
[35m[HTTP][39m [90m[39m
[35m[HTTP][39m [37m-->[39m [37mDELETE[39m [37m/wd/hub/session/39444ce3-184e-494a-a8eb-c5f07b71ba8a[39m
[35m[HTTP][39m [90m{}[39m
[debug] [35m[W3C (39444ce3)][39m Calling AppiumDriver.deleteSession() with args: ["39444ce3-184e-494a-a8eb-c5f07b71ba8a"]
[debug] [35m[BaseDriver][39m Event 'quitSessionRequested' logged at 1698898136405 (11:08:56 GMT+0700 (Indochina Time))
[35m[Appium][39m Removing session 39444ce3-184e-494a-a8eb-c5f07b71ba8a from our master session list
[debug] [35m[UiAutomator2][39m Deleting UiAutomator2 session
[debug] [35m[UiAutomator2][39m Deleting UiAutomator2 server session
[debug] [35m[WD Proxy][39m Matched '/' to command name 'deleteSession'
[debug] [35m[WD Proxy][39m Proxying [DELETE /] to [DELETE http://127.0.0.1:8267/wd/hub/session/532696c1-380e-4413-b70a-05af31f1ae09] with no body
[debug] [35m[WD Proxy][39m Got response with status 200: {"sessionId":"532696c1-380e-4413-b70a-05af31f1ae09","value":null}
[debug] [35m[ADB][39m Running 'C:\Users\quochuy.lu\AppData\Local\Android\Sdk\platform-tools\adb.exe -P 5037 -s RFCT80P5YTM shell am force-stop com.android.settings'
[debug] [35m[Instrumentation][39m .
[debug] [35m[Instrumentation][39m Time: 171.105
[debug] [35m[Instrumentation][39m 
[debug] [35m[Instrumentation][39m OK (1 test)
[debug] [35m[Logcat][39m Stopping logcat capture
[debug] [35m[ADB][39m Removing forwarded port socket connection: 8267 
[debug] [35m[ADB][39m Running 'C:\Users\quochuy.lu\AppData\Local\Android\Sdk\platform-tools\adb.exe -P 5037 -s RFCT80P5YTM forward --remove tcp:8267'
[debug] [35m[Instrumentation][39m The process has exited with code 0
[35m[UiAutomator2][39m Restoring hidden api policy to the device default configuration
[debug] [35m[ADB][39m Running 'C:\Users\quochuy.lu\AppData\Local\Android\Sdk\platform-tools\adb.exe -P 5037 -s RFCT80P5YTM shell 'settings delete global hidden_api_policy_pre_p_apps;settings delete global hidden_api_policy_p_apps;settings delete global hidden_api_policy''
[debug] [35m[BaseDriver][39m Event 'quitSessionFinished' logged at 1698898137183 (11:08:57 GMT+0700 (Indochina Time))
[debug] [35m[W3C (39444ce3)][39m Received response: null
[debug] [35m[W3C (39444ce3)][39m But deleting session, so not returning
[debug] [35m[W3C (39444ce3)][39m Responding to client with driver.deleteSession() result: null
